🚀 Starting daily journal generation...
✅ Journal for 2026-03-02 already exists
ℹ️ Daily journal already exists for today
Daily journal process completed at Mon Mar  2 11:59:01 PM CST 2026
[main 5b3bc2a] Update daily journal - 2026-03-03
 1 file changed, 53 insertions(+)
 create mode 100644 daily-journal/2026-03-03.md
To https://github.com/Xdluomingxian/obsidian-notes.git
   d6d7016..5b3bc2a  main -> main
🚀 Starting daily journal generation...
📝 Created journal for 2026-03-03
✅ Successfully synced journal to GitHub
🎉 Daily journal completed: /home/ubuntu/.openclaw/workspace/obsidian-notes/daily-journal/2026-03-03.md
Daily journal process completed at Tue Mar  3 11:59:03 PM CST 2026
[main 8297185] Update daily journal - 2026-03-04
 1 file changed, 53 insertions(+)
 create mode 100644 daily-journal/2026-03-04.md
To https://github.com/Xdluomingxian/obsidian-notes.git
   5b3bc2a..8297185  main -> main
🚀 Starting daily journal generation...
📝 Created journal for 2026-03-04
✅ Successfully synced journal to GitHub
🎉 Daily journal completed: /home/ubuntu/.openclaw/workspace/obsidian-notes/daily-journal/2026-03-04.md
Daily journal process completed at Wed Mar  4 11:59:03 PM CST 2026
[main 1d4d940] Update daily journal - 2026-03-05
 1 file changed, 53 insertions(+)
 create mode 100644 daily-journal/2026-03-05.md
To https://github.com/Xdluomingxian/obsidian-notes.git
   ea2465c..1d4d940  main -> main
🚀 Starting daily journal generation...
📝 Created journal for 2026-03-05
✅ Successfully synced journal to GitHub
🎉 Daily journal completed: /home/ubuntu/.openclaw/workspace/obsidian-notes/daily-journal/2026-03-05.md
Daily journal process completed at Thu Mar  5 11:59:03 PM CST 2026
